<?xml version="1.0" encoding="UTF-8"?>
<testsuite xmlns:xsi="http://www.w3.org/2001/XMLSchema-instance" xsi:noNamespaceSchemaLocation="https://maven.apache.org/surefire/maven-surefire-plugin/xsd/surefire-test-report-3.0.xsd" version="3.0" name="com.narration.CourseTest" time="0.16" tests="1" errors="1" skipped="0" failures="0">
  <properties>
    <property name="java.specification.version" value="21"/>
    <property name="sun.jnu.encoding" value="UTF-8"/>
    <property name="java.class.path" value="/Users/josh.natkin/Desktop/group-narration/speek/target/test-classes:/Users/josh.natkin/Desktop/group-narration/speek/target/classes:/Users/josh.natkin/.m2/repository/junit/junit/4.13.2/junit-4.13.2.jar:/Users/josh.natkin/.m2/repository/org/hamcrest/hamcrest-core/1.3/hamcrest-core-1.3.jar:/Users/josh.natkin/.m2/repository/com/googlecode/json-simple/json-simple/1.1.1/json-simple-1.1.1.jar:/Users/josh.natkin/.m2/repository/javazoom/jlayer/1.0.1/jlayer-1.0.1.jar:/Users/josh.natkin/.m2/repository/software/amazon/awssdk/polly/2.27.3/polly-2.27.3.jar:/Users/josh.natkin/.m2/repository/software/amazon/awssdk/aws-json-protocol/2.27.3/aws-json-protocol-2.27.3.jar:/Users/josh.natkin/.m2/repository/software/amazon/awssdk/third-party-jackson-core/2.27.3/third-party-jackson-core-2.27.3.jar:/Users/josh.natkin/.m2/repository/software/amazon/awssdk/protocol-core/2.27.3/protocol-core-2.27.3.jar:/Users/josh.natkin/.m2/repository/software/amazon/awssdk/profiles/2.27.3/profiles-2.27.3.jar:/Users/josh.natkin/.m2/repository/software/amazon/awssdk/http-auth-aws/2.27.3/http-auth-aws-2.27.3.jar:/Users/josh.natkin/.m2/repository/software/amazon/awssdk/checksums-spi/2.27.3/checksums-spi-2.27.3.jar:/Users/josh.natkin/.m2/repository/software/amazon/awssdk/checksums/2.27.3/checksums-2.27.3.jar:/Users/josh.natkin/.m2/repository/software/amazon/awssdk/sdk-core/2.27.3/sdk-core-2.27.3.jar:/Users/josh.natkin/.m2/repository/software/amazon/awssdk/retries/2.27.3/retries-2.27.3.jar:/Users/josh.natkin/.m2/repository/org/reactivestreams/reactive-streams/1.0.4/reactive-streams-1.0.4.jar:/Users/josh.natkin/.m2/repository/software/amazon/awssdk/auth/2.27.3/auth-2.27.3.jar:/Users/josh.natkin/.m2/repository/software/amazon/awssdk/http-auth-aws-eventstream/2.27.3/http-auth-aws-eventstream-2.27.3.jar:/Users/josh.natkin/.m2/repository/software/amazon/eventstream/eventstream/1.0.1/eventstream-1.0.1.jar:/Users/josh.natkin/.m2/repository/software/amazon/awssdk/http-auth-spi/2.27.3/http-auth-spi-2.27.3.jar:/Users/josh.natkin/.m2/repository/software/amazon/awssdk/http-auth/2.27.3/http-auth-2.27.3.jar:/Users/josh.natkin/.m2/repository/software/amazon/awssdk/identity-spi/2.27.3/identity-spi-2.27.3.jar:/Users/josh.natkin/.m2/repository/software/amazon/awssdk/http-client-spi/2.27.3/http-client-spi-2.27.3.jar:/Users/josh.natkin/.m2/repository/software/amazon/awssdk/regions/2.27.3/regions-2.27.3.jar:/Users/josh.natkin/.m2/repository/software/amazon/awssdk/annotations/2.27.3/annotations-2.27.3.jar:/Users/josh.natkin/.m2/repository/software/amazon/awssdk/utils/2.27.3/utils-2.27.3.jar:/Users/josh.natkin/.m2/repository/software/amazon/awssdk/aws-core/2.27.3/aws-core-2.27.3.jar:/Users/josh.natkin/.m2/repository/software/amazon/awssdk/metrics-spi/2.27.3/metrics-spi-2.27.3.jar:/Users/josh.natkin/.m2/repository/software/amazon/awssdk/json-utils/2.27.3/json-utils-2.27.3.jar:/Users/josh.natkin/.m2/repository/software/amazon/awssdk/endpoints-spi/2.27.3/endpoints-spi-2.27.3.jar:/Users/josh.natkin/.m2/repository/software/amazon/awssdk/retries-spi/2.27.3/retries-spi-2.27.3.jar:/Users/josh.natkin/.m2/repository/software/amazon/awssdk/apache-client/2.27.3/apache-client-2.27.3.jar:/Users/josh.natkin/.m2/repository/org/apache/httpcomponents/httpclient/4.5.13/httpclient-4.5.13.jar:/Users/josh.natkin/.m2/repository/commons-logging/commons-logging/1.2/commons-logging-1.2.jar:/Users/josh.natkin/.m2/repository/org/apache/httpcomponents/httpcore/4.4.16/httpcore-4.4.16.jar:/Users/josh.natkin/.m2/repository/commons-codec/commons-codec/1.17.1/commons-codec-1.17.1.jar:/Users/josh.natkin/.m2/repository/software/amazon/awssdk/netty-nio-client/2.27.3/netty-nio-client-2.27.3.jar:/Users/josh.natkin/.m2/repository/io/netty/netty-codec-http/4.1.112.Final/netty-codec-http-4.1.112.Final.jar:/Users/josh.natkin/.m2/repository/io/netty/netty-codec-http2/4.1.112.Final/netty-codec-http2-4.1.112.Final.jar:/Users/josh.natkin/.m2/repository/io/netty/netty-codec/4.1.112.Final/netty-codec-4.1.112.Final.jar:/Users/josh.natkin/.m2/repository/io/netty/netty-transport/4.1.112.Final/netty-transport-4.1.112.Final.jar:/Users/josh.natkin/.m2/repository/io/netty/netty-common/4.1.112.Final/netty-common-4.1.112.Final.jar:/Users/josh.natkin/.m2/repository/io/netty/netty-buffer/4.1.112.Final/netty-buffer-4.1.112.Final.jar:/Users/josh.natkin/.m2/repository/io/netty/netty-handler/4.1.112.Final/netty-handler-4.1.112.Final.jar:/Users/josh.natkin/.m2/repository/io/netty/netty-transport-native-unix-common/4.1.112.Final/netty-transport-native-unix-common-4.1.112.Final.jar:/Users/josh.natkin/.m2/repository/io/netty/netty-transport-classes-epoll/4.1.112.Final/netty-transport-classes-epoll-4.1.112.Final.jar:/Users/josh.natkin/.m2/repository/io/netty/netty-resolver/4.1.112.Final/netty-resolver-4.1.112.Final.jar:/Users/josh.natkin/.m2/repository/org/slf4j/slf4j-api/2.1.0-alpha1/slf4j-api-2.1.0-alpha1.jar:/Users/josh.natkin/.m2/repository/org/slf4j/slf4j-simple/2.1.0-alpha1/slf4j-simple-2.1.0-alpha1.jar:/Users/josh.natkin/.m2/repository/com/fasterxml/jackson/core/jackson-databind/2.13.0/jackson-databind-2.13.0.jar:/Users/josh.natkin/.m2/repository/com/fasterxml/jackson/core/jackson-annotations/2.13.0/jackson-annotations-2.13.0.jar:/Users/josh.natkin/.m2/repository/com/fasterxml/jackson/core/jackson-core/2.13.0/jackson-core-2.13.0.jar:"/>
    <property name="java.vm.vendor" value="Eclipse Adoptium"/>
    <property name="sun.arch.data.model" value="64"/>
    <property name="java.vendor.url" value="https://adoptium.net/"/>
    <property name="os.name" value="Mac OS X"/>
    <property name="java.vm.specification.version" value="21"/>
    <property name="user.country" value="US"/>
    <property name="sun.java.launcher" value="SUN_STANDARD"/>
    <property name="sun.boot.library.path" value="/Library/Java/JavaVirtualMachines/temurin-21.jdk/Contents/Home/lib"/>
    <property name="sun.java.command" value="/Users/josh.natkin/Desktop/group-narration/speek/target/surefire/surefirebooter-20241103164120505_3.jar /Users/josh.natkin/Desktop/group-narration/speek/target/surefire 2024-11-03T16-41-20_403-jvmRun1 surefire-20241103164120505_1tmp surefire_0-20241103164120505_2tmp"/>
    <property name="http.nonProxyHosts" value="local|*.local|169.254/16|*.169.254/16"/>
    <property name="jdk.debug" value="release"/>
    <property name="test" value="com.narration.CourseTest#testCalculateProgress_LessonCompleted_FlashcardIncomplete"/>
    <property name="surefire.test.class.path" value="/Users/josh.natkin/Desktop/group-narration/speek/target/test-classes:/Users/josh.natkin/Desktop/group-narration/speek/target/classes:/Users/josh.natkin/.m2/repository/junit/junit/4.13.2/junit-4.13.2.jar:/Users/josh.natkin/.m2/repository/org/hamcrest/hamcrest-core/1.3/hamcrest-core-1.3.jar:/Users/josh.natkin/.m2/repository/com/googlecode/json-simple/json-simple/1.1.1/json-simple-1.1.1.jar:/Users/josh.natkin/.m2/repository/javazoom/jlayer/1.0.1/jlayer-1.0.1.jar:/Users/josh.natkin/.m2/repository/software/amazon/awssdk/polly/2.27.3/polly-2.27.3.jar:/Users/josh.natkin/.m2/repository/software/amazon/awssdk/aws-json-protocol/2.27.3/aws-json-protocol-2.27.3.jar:/Users/josh.natkin/.m2/repository/software/amazon/awssdk/third-party-jackson-core/2.27.3/third-party-jackson-core-2.27.3.jar:/Users/josh.natkin/.m2/repository/software/amazon/awssdk/protocol-core/2.27.3/protocol-core-2.27.3.jar:/Users/josh.natkin/.m2/repository/software/amazon/awssdk/profiles/2.27.3/profiles-2.27.3.jar:/Users/josh.natkin/.m2/repository/software/amazon/awssdk/http-auth-aws/2.27.3/http-auth-aws-2.27.3.jar:/Users/josh.natkin/.m2/repository/software/amazon/awssdk/checksums-spi/2.27.3/checksums-spi-2.27.3.jar:/Users/josh.natkin/.m2/repository/software/amazon/awssdk/checksums/2.27.3/checksums-2.27.3.jar:/Users/josh.natkin/.m2/repository/software/amazon/awssdk/sdk-core/2.27.3/sdk-core-2.27.3.jar:/Users/josh.natkin/.m2/repository/software/amazon/awssdk/retries/2.27.3/retries-2.27.3.jar:/Users/josh.natkin/.m2/repository/org/reactivestreams/reactive-streams/1.0.4/reactive-streams-1.0.4.jar:/Users/josh.natkin/.m2/repository/software/amazon/awssdk/auth/2.27.3/auth-2.27.3.jar:/Users/josh.natkin/.m2/repository/software/amazon/awssdk/http-auth-aws-eventstream/2.27.3/http-auth-aws-eventstream-2.27.3.jar:/Users/josh.natkin/.m2/repository/software/amazon/eventstream/eventstream/1.0.1/eventstream-1.0.1.jar:/Users/josh.natkin/.m2/repository/software/amazon/awssdk/http-auth-spi/2.27.3/http-auth-spi-2.27.3.jar:/Users/josh.natkin/.m2/repository/software/amazon/awssdk/http-auth/2.27.3/http-auth-2.27.3.jar:/Users/josh.natkin/.m2/repository/software/amazon/awssdk/identity-spi/2.27.3/identity-spi-2.27.3.jar:/Users/josh.natkin/.m2/repository/software/amazon/awssdk/http-client-spi/2.27.3/http-client-spi-2.27.3.jar:/Users/josh.natkin/.m2/repository/software/amazon/awssdk/regions/2.27.3/regions-2.27.3.jar:/Users/josh.natkin/.m2/repository/software/amazon/awssdk/annotations/2.27.3/annotations-2.27.3.jar:/Users/josh.natkin/.m2/repository/software/amazon/awssdk/utils/2.27.3/utils-2.27.3.jar:/Users/josh.natkin/.m2/repository/software/amazon/awssdk/aws-core/2.27.3/aws-core-2.27.3.jar:/Users/josh.natkin/.m2/repository/software/amazon/awssdk/metrics-spi/2.27.3/metrics-spi-2.27.3.jar:/Users/josh.natkin/.m2/repository/software/amazon/awssdk/json-utils/2.27.3/json-utils-2.27.3.jar:/Users/josh.natkin/.m2/repository/software/amazon/awssdk/endpoints-spi/2.27.3/endpoints-spi-2.27.3.jar:/Users/josh.natkin/.m2/repository/software/amazon/awssdk/retries-spi/2.27.3/retries-spi-2.27.3.jar:/Users/josh.natkin/.m2/repository/software/amazon/awssdk/apache-client/2.27.3/apache-client-2.27.3.jar:/Users/josh.natkin/.m2/repository/org/apache/httpcomponents/httpclient/4.5.13/httpclient-4.5.13.jar:/Users/josh.natkin/.m2/repository/commons-logging/commons-logging/1.2/commons-logging-1.2.jar:/Users/josh.natkin/.m2/repository/org/apache/httpcomponents/httpcore/4.4.16/httpcore-4.4.16.jar:/Users/josh.natkin/.m2/repository/commons-codec/commons-codec/1.17.1/commons-codec-1.17.1.jar:/Users/josh.natkin/.m2/repository/software/amazon/awssdk/netty-nio-client/2.27.3/netty-nio-client-2.27.3.jar:/Users/josh.natkin/.m2/repository/io/netty/netty-codec-http/4.1.112.Final/netty-codec-http-4.1.112.Final.jar:/Users/josh.natkin/.m2/repository/io/netty/netty-codec-http2/4.1.112.Final/netty-codec-http2-4.1.112.Final.jar:/Users/josh.natkin/.m2/repository/io/netty/netty-codec/4.1.112.Final/netty-codec-4.1.112.Final.jar:/Users/josh.natkin/.m2/repository/io/netty/netty-transport/4.1.112.Final/netty-transport-4.1.112.Final.jar:/Users/josh.natkin/.m2/repository/io/netty/netty-common/4.1.112.Final/netty-common-4.1.112.Final.jar:/Users/josh.natkin/.m2/repository/io/netty/netty-buffer/4.1.112.Final/netty-buffer-4.1.112.Final.jar:/Users/josh.natkin/.m2/repository/io/netty/netty-handler/4.1.112.Final/netty-handler-4.1.112.Final.jar:/Users/josh.natkin/.m2/repository/io/netty/netty-transport-native-unix-common/4.1.112.Final/netty-transport-native-unix-common-4.1.112.Final.jar:/Users/josh.natkin/.m2/repository/io/netty/netty-transport-classes-epoll/4.1.112.Final/netty-transport-classes-epoll-4.1.112.Final.jar:/Users/josh.natkin/.m2/repository/io/netty/netty-resolver/4.1.112.Final/netty-resolver-4.1.112.Final.jar:/Users/josh.natkin/.m2/repository/org/slf4j/slf4j-api/2.1.0-alpha1/slf4j-api-2.1.0-alpha1.jar:/Users/josh.natkin/.m2/repository/org/slf4j/slf4j-simple/2.1.0-alpha1/slf4j-simple-2.1.0-alpha1.jar:/Users/josh.natkin/.m2/repository/com/fasterxml/jackson/core/jackson-databind/2.13.0/jackson-databind-2.13.0.jar:/Users/josh.natkin/.m2/repository/com/fasterxml/jackson/core/jackson-annotations/2.13.0/jackson-annotations-2.13.0.jar:/Users/josh.natkin/.m2/repository/com/fasterxml/jackson/core/jackson-core/2.13.0/jackson-core-2.13.0.jar:"/>
    <property name="sun.cpu.endian" value="little"/>
    <property name="user.home" value="/Users/josh.natkin"/>
    <property name="user.language" value="en"/>
    <property name="java.specification.vendor" value="Oracle Corporation"/>
    <property name="java.version.date" value="2024-10-15"/>
    <property name="java.home" value="/Library/Java/JavaVirtualMachines/temurin-21.jdk/Contents/Home"/>
    <property name="file.separator" value="/"/>
    <property name="basedir" value="/Users/josh.natkin/Desktop/group-narration/speek"/>
    <property name="java.vm.compressedOopsMode" value="Zero based"/>
    <property name="line.separator" value="&#10;"/>
    <property name="java.vm.specification.vendor" value="Oracle Corporation"/>
    <property name="java.specification.name" value="Java Platform API Specification"/>
    <property name="apple.awt.application.name" value="ForkedBooter"/>
    <property name="surefire.real.class.path" value="/Users/josh.natkin/Desktop/group-narration/speek/target/surefire/surefirebooter-20241103164120505_3.jar"/>
    <property name="sun.management.compiler" value="HotSpot 64-Bit Tiered Compilers"/>
    <property name="ftp.nonProxyHosts" value="local|*.local|169.254/16|*.169.254/16"/>
    <property name="java.runtime.version" value="21.0.5+11-LTS"/>
    <property name="user.name" value="josh.natkin"/>
    <property name="stdout.encoding" value="UTF-8"/>
    <property name="path.separator" value=":"/>
    <property name="os.version" value="12.2.1"/>
    <property name="java.runtime.name" value="OpenJDK Runtime Environment"/>
    <property name="file.encoding" value="UTF-8"/>
    <property name="java.vm.name" value="OpenJDK 64-Bit Server VM"/>
    <property name="java.vendor.version" value="Temurin-21.0.5+11"/>
    <property name="maven.ext.class.path" value="/Users/josh.natkin/.vscode/extensions/oracle.oracle-java-23.0.0/nbcode/java/maven-nblib/netbeans-eventspy.jar"/>
    <property name="localRepository" value="/Users/josh.natkin/.m2/repository"/>
    <property name="java.vendor.url.bug" value="https://github.com/adoptium/adoptium-support/issues"/>
    <property name="java.io.tmpdir" value="/var/folders/nb/5zllff2157v933sxczl3m82r0000gn/T/"/>
    <property name="java.version" value="21.0.5"/>
    <property name="user.dir" value="/Users/josh.natkin/Desktop/group-narration/speek"/>
    <property name="os.arch" value="aarch64"/>
    <property name="java.vm.specification.name" value="Java Virtual Machine Specification"/>
    <property name="native.encoding" value="UTF-8"/>
    <property name="java.library.path" value="/Users/josh.natkin/Library/Java/Extensions:/Library/Java/Extensions:/Network/Library/Java/Extensions:/System/Library/Java/Extensions:/usr/lib/java:."/>
    <property name="java.vm.info" value="mixed mode, sharing"/>
    <property name="stderr.encoding" value="UTF-8"/>
    <property name="java.vendor" value="Eclipse Adoptium"/>
    <property name="java.vm.version" value="21.0.5+11-LTS"/>
    <property name="sun.io.unicode.encoding" value="UnicodeBig"/>
    <property name="socksNonProxyHosts" value="local|*.local|169.254/16|*.169.254/16"/>
    <property name="java.class.version" value="65.0"/>
  </properties>
  <testcase name="testCalculateProgress_LessonCompleted_FlashcardIncomplete" classname="com.narration.CourseTest" time="0.07">
    <error message="Cannot invoke &quot;com.narration.Lesson.isCompleted()&quot; because &quot;this.lesson&quot; is null" type="java.lang.NullPointerException"><![CDATA[java.lang.NullPointerException: Cannot invoke "com.narration.Lesson.isCompleted()" because "this.lesson" is null
	at com.narration.Course.calculateProgress(Course.java:96)
	at com.narration.CourseTest.testCalculateProgress_LessonCompleted_FlashcardIncomplete(CourseTest.java:99)
	at java.base/jdk.internal.reflect.DirectMethodHandleAccessor.invoke(DirectMethodHandleAccessor.java:103)
	at java.base/java.lang.reflect.Method.invoke(Method.java:580)
	at org.junit.runners.model.FrameworkMethod$1.runReflectiveCall(FrameworkMethod.java:59)
	at org.junit.internal.runners.model.ReflectiveCallable.run(ReflectiveCallable.java:12)
	at org.junit.runners.model.FrameworkMethod.invokeExplosively(FrameworkMethod.java:56)
	at org.junit.internal.runners.statements.InvokeMethod.evaluate(InvokeMethod.java:17)
	at org.junit.internal.runners.statements.RunBefores.evaluate(RunBefores.java:26)
	at org.junit.runners.ParentRunner$3.evaluate(ParentRunner.java:306)
	at org.junit.runners.BlockJUnit4ClassRunner$1.evaluate(BlockJUnit4ClassRunner.java:100)
	at org.junit.runners.ParentRunner.runLeaf(ParentRunner.java:366)
	at org.junit.runners.BlockJUnit4ClassRunner.runChild(BlockJUnit4ClassRunner.java:103)
	at org.junit.runners.BlockJUnit4ClassRunner.runChild(BlockJUnit4ClassRunner.java:63)
	at org.junit.runners.ParentRunner$4.run(ParentRunner.java:331)
	at org.junit.runners.ParentRunner$1.schedule(ParentRunner.java:79)
	at org.junit.runners.ParentRunner.runChildren(ParentRunner.java:329)
	at org.junit.runners.ParentRunner.access$100(ParentRunner.java:66)
	at org.junit.runners.ParentRunner$2.evaluate(ParentRunner.java:293)
	at org.junit.runners.ParentRunner$3.evaluate(ParentRunner.java:306)
	at org.junit.runners.ParentRunner.run(ParentRunner.java:413)
	at org.apache.maven.surefire.junit4.JUnit4Provider.execute(JUnit4Provider.java:316)
	at org.apache.maven.surefire.junit4.JUnit4Provider.executeWithRerun(JUnit4Provider.java:240)
	at org.apache.maven.surefire.junit4.JUnit4Provider.executeTestSet(JUnit4Provider.java:214)
	at org.apache.maven.surefire.junit4.JUnit4Provider.invoke(JUnit4Provider.java:155)
	at org.apache.maven.surefire.booter.ForkedBooter.runSuitesInProcess(ForkedBooter.java:385)
	at org.apache.maven.surefire.booter.ForkedBooter.execute(ForkedBooter.java:162)
	at org.apache.maven.surefire.booter.ForkedBooter.run(ForkedBooter.java:507)
	at org.apache.maven.surefire.booter.ForkedBooter.main(ForkedBooter.java:495)
]]></error>
  </testcase>
</testsuite>